Name: 3-ounce cups
Number in stock: 71
Price: 259
Distributor: Bob's Distribution
UPC: 2895657951

Name: Ajax-substitute
Number in stock: 77
Price: 104
Distributor: ABC Dist.
UPC: 8144976072

Name: antihistamines
Number in stock: 5
Price: 224
Distributor: Bob's Distribution
UPC: 7904886261

Name: Arturo sauce
Number in stock: 96
Price: 361
Distributor: Bob's Distribution
UPC: 9495505623

Name: Brannola
Number in stock: 52
Price: 329
Distributor: Wholesale Plus
UPC: 5924505350

Name: bread, challah
Number in stock: 30
Price: 286
Distributor: Bob's Distribution
UPC: 2637964782

Name: bread, rye
Number in stock: 83
Price: 347
Distributor: Bob's Distribution
UPC: 9860958916

Name: bread, white
Number in stock: 23
Price: 308
Distributor: Wholesale Plus
UPC: 2439398000

Name: breadcrumbs, Italian
Number in stock: 11
Price: 399
Distributor: Wholesale Plus
UPC: 157067617

Name: Bufferin
Number in stock: 10
Price: 131
Distributor: ABC Dist.
UPC: 2844879888

Name: Carpet Fresh
Number in stock: 30
Price: 214
Distributor: Bob's Distribution
UPC: 9485730097

Name: chew sticks
Number in stock: 40
Price: 183
Distributor: ABC Dist.
UPC: 1628216044

Name: Clorox 2
Number in stock: 41
Price: 223
Distributor: ABC Dist.
UPC: 3262071273

Name: cough drops
Number in stock: 21
Price: 156
Distributor: Wholesale Plus
UPC: 807158335

Name: dish detergent, auto
Number in stock: 91
Price: 178
Distributor: Bob's Distribution
UPC: 3789078521

Name: dish detergent, liquid
Number in stock: 92
Price: 289
Distributor: ABC Dist.
UPC: 4284562764

Name: dog food (with Alpo)
Number in stock: 56
Price: 308
Distributor: ABC Dist.
UPC: 8348191371

Name: Dove soap
Number in stock: 54
Price: 374
Distributor: Wholesale Plus
UPC: 6779443026

Name: envelopes, large
Number in stock: 51
Price: 238
Distributor: Bob's Distribution
UPC: 4048335347

Name: Fantastic refill
Number in stock: 6
Price: 173
Distributor: Wholesale Plus
UPC: 609197907

Name: flypaper
Number in stock: 36
Price: 246
Distributor: Bob's Distribution
UPC: 4744515566

Name: furniture polish, lemon
Number in stock: 63
Price: 262
Distributor: ABC Dist.
UPC: 9385415630

Name: Gas-X
Number in stock: 51
Price: 217
Distributor: Wholesale Plus
UPC: 7839910737

Name: Glass-Plus
Number in stock: 75
Price: 278
Distributor: Bob's Distribution
UPC: 187583273

Name: Kleenex, brown foil
Number in stock: 7
Price: 132
Distributor: ABC Dist.
UPC: 1282433169

Name: Kleenex, white foil
Number in stock: 54
Price: 296
Distributor: ABC Dist.
UPC: 8274154401

Name: Kosher soap
Number in stock: 19
Price: 303
Distributor: Bob's Distribution
UPC: 3570245420

Name: laundry detergent
Number in stock: 70
Price: 378
Distributor: ABC Dist.
UPC: 896453021

Name: lemon ammonia
Number in stock: 40
Price: 238
Distributor: Bob's Distribution
UPC: 2076249216

Name: Metamucil (Nutrasweet)
Number in stock: 10
Price: 276
Distributor: ABC Dist.
UPC: 9276116987

Name: mixed nuts
Number in stock: 44
Price: 182
Distributor: Bob's Distribution
UPC: 7506887254

Name: Murphy's oil soap
Number in stock: 67
Price: 177
Distributor: Bob's Distribution
UPC: 309508989

Name: napkins
Number in stock: 79
Price: 189
Distributor: Bob's Distribution
UPC: 4804723528

Name: no-fat Entenmann's
Number in stock: 34
Price: 113
Distributor: ABC Dist.
UPC: 2060148242

Name: paper towels
Number in stock: 59
Price: 326
Distributor: Wholesale Plus
UPC: 3310192788

Name: Pepto-Bismol
Number in stock: 8
Price: 290
Distributor: ABC Dist.
UPC: 9604241003

Name: plastic forks
Number in stock: 92
Price: 285
Distributor: Wholesale Plus
UPC: 1492434772

Name: plastic spoons
Number in stock: 22
Price: 397
Distributor: Bob's Distribution
UPC: 288813042

Name: popcorn cakes (Quaker)
Number in stock: 55
Price: 376
Distributor: ABC Dist.
UPC: 4064253824

Name: sodas, chocolate
Number in stock: 83
Price: 301
Distributor: Bob's Distribution
UPC: 9967772189

Name: sodas, cream
Number in stock: 50
Price: 223
Distributor: Wholesale Plus
UPC: 1790869528

Name: sodas, NoCaf Diet Coke
Number in stock: 54
Price: 344
Distributor: Wholesale Plus
UPC: 4275354091

Name: sodas, orange
Number in stock: 23
Price: 285
Distributor: Bob's Distribution
UPC: 6808148983

Name: sodas, root beer
Number in stock: 37
Price: 190
Distributor: Wholesale Plus
UPC: 1503129286

Name: SOS
Number in stock: 22
Price: 275
Distributor: Wholesale Plus
UPC: 8759736345

Name: sponges
Number in stock: 19
Price: 305
Distributor: ABC Dist.
UPC: 6139374741

Name: toilet paper, unscented
Number in stock: 16
Price: 342
Distributor: ABC Dist.
UPC: 9567620261

Name: Top Job
Number in stock: 6
Price: 337
Distributor: ABC Dist.
UPC: 4635837960

Name: walnuts
Number in stock: 12
Price: 152
Distributor: Wholesale Plus
UPC: 7148104811

Name: water
Number in stock: 56
Price: 165
Distributor: ABC Dist.
UPC: 7463546800

