3-ounce cups
71
259
Bob's Distribution
2895657951
Ajax-substitute
-23
104
ABC Dist.
8144976072
antihistamines
5
224
Bob's Distribution
7904886261
Arturo sauce
96
361
Bob's Distribution
9495505623
Brannola
52
329
Wholesale Plus
5924505350
bread, challah
30
286
Bob's Distribution
2637964782
bread, rye
83
347
Bob's Distribution
9860958916
bread, white
23
308
Wholesale Plus
2439398000
breadcrumbs, Italian
11
399
Wholesale Plus
157067617
Bufferin
10
131
ABC Dist.
2844879888
Carpet Fresh
30
214
Bob's Distribution
9485730097
chew sticks
40
183
ABC Dist.
1628216044
Clorox 2
41
223
ABC Dist.
3262071273
cough drops
21
156
Wholesale Plus
807158335
dish detergent, auto
91
178
Bob's Distribution
3789078521
dish detergent, liquid
92
289
ABC Dist.
4284562764
dog food (with Alpo)
56
308
ABC Dist.
8348191371
Dove soap
54
374
Wholesale Plus
6779443026
envelopes, large
51
238
Bob's Distribution
4048335347
Fantastic refill
6
173
Wholesale Plus
609197907
flypaper
36
246
Bob's Distribution
4744515566
furniture polish, lemon
63
262
ABC Dist.
9385415630
Gas-X
51
217
Wholesale Plus
7839910737
Glass-Plus
75
278
Bob's Distribution
187583273
Kleenex, brown foil
7
132
ABC Dist.
1282433169
Kleenex, white foil
54
296
ABC Dist.
8274154401
Kosher soap
19
303
Bob's Distribution
3570245420
laundry detergent
70
378
ABC Dist.
896453021
lemon ammonia
40
238
Bob's Distribution
2076249216
Metamucil (Nutrasweet)
10
276
ABC Dist.
9276116987
mixed nuts
44
182
Bob's Distribution
7506887254
Murphy's oil soap
67
177
Bob's Distribution
309508989
napkins
79
189
Bob's Distribution
4804723528
no-fat Entenmann's
34
113
ABC Dist.
2060148242
paper towels
59
326
Wholesale Plus
3310192788
Pepto-Bismol
8
290
ABC Dist.
9604241003
plastic forks
92
285
Wholesale Plus
1492434772
plastic spoons
22
397
Bob's Distribution
288813042
popcorn cakes (Quaker)
55
376
ABC Dist.
4064253824
sodas, chocolate
83
301
Bob's Distribution
9967772189
sodas, cream
50
223
Wholesale Plus
1790869528
sodas, NoCaf Diet Coke
54
344
Wholesale Plus
4275354091
sodas, orange
23
285
Bob's Distribution
6808148983
sodas, root beer
37
190
Wholesale Plus
1503129286
SOS
22
275
Wholesale Plus
8759736345
sponges
19
305
ABC Dist.
6139374741
toilet paper, unscented
16
342
ABC Dist.
9567620261
Top Job
6
337
ABC Dist.
4635837960
walnuts
12
152
Wholesale Plus
7148104811
water
56
165
ABC Dist.
7463546800
